  FileWorking.cpp
c:\users\sergey\desktop\prog trash\окошечко с нуля\окошечко с нуля\options.h(39): warning C4018: '<': signed/unsigned mismatch
c:\users\sergey\desktop\prog trash\окошечко с нуля\окошечко с нуля\oslabfunctions.h(3): warning C4067: unexpected tokens following preprocessor directive - expected a newline
  Graphics.cpp
c:\users\sergey\desktop\prog trash\окошечко с нуля\окошечко с нуля\options.h(39): warning C4018: '<': signed/unsigned mismatch
  MultiProcessStoryTelling.cpp
c:\users\sergey\desktop\prog trash\окошечко с нуля\окошечко с нуля\options.h(39): warning C4018: '<': signed/unsigned mismatch
c:\users\sergey\desktop\prog trash\окошечко с нуля\окошечко с нуля\oslabfunctions.h(3): warning C4067: unexpected tokens following preprocessor directive - expected a newline
  OsLabGlobalsDefinition.cpp
c:\users\sergey\desktop\prog trash\окошечко с нуля\окошечко с нуля\options.h(39): warning C4018: '<': signed/unsigned mismatch
  SaveBitMaps.cpp
c:\users\sergey\desktop\prog trash\окошечко с нуля\окошечко с нуля\options.h(39): warning C4018: '<': signed/unsigned mismatch
  Service.cpp
c:\users\sergey\desktop\prog trash\окошечко с нуля\окошечко с нуля\oslabfunctions.h(3): warning C4067: unexpected tokens following preprocessor directive - expected a newline
c:\users\sergey\desktop\prog trash\окошечко с нуля\окошечко с нуля\options.h(39): warning C4018: '<': signed/unsigned mismatch
c:\users\sergey\desktop\prog trash\окошечко с нуля\окошечко с нуля\service.cpp(33): warning C4101: 'Pic': unreferenced local variable
c:\users\sergey\desktop\prog trash\окошечко с нуля\окошечко с нуля\service.cpp(87): warning C4302: 'type cast': truncation from 'LPWSTR' to 'WORD'
  Source.cpp
c:\users\sergey\desktop\prog trash\окошечко с нуля\окошечко с нуля\oslabfunctions.h(3): warning C4067: unexpected tokens following preprocessor directive - expected a newline
c:\users\sergey\desktop\prog trash\окошечко с нуля\окошечко с нуля\options.h(39): warning C4018: '<': signed/unsigned mismatch
  Generating code
  28 of 584 functions ( 4.8%) were compiled, the rest were copied from previous compilation.
    0 functions were new in current compilation
    1 functions had inline decision re-evaluated but remain unchanged
  Finished generating code
  Окошечко с нуля.vcxproj -> C:\Users\Sergey\Desktop\prog trash\Окошечко с нуля\Release\Окошечко с нуля.exe
